<?xml version="1.0" encoding="UTF-8"?>
<testsuite name="com.geektrust.backend.repositories.MatchRepositoryTest" tests="5" skipped="0" failures="0" errors="0" timestamp="2023-06-06T12:45:20" hostname="DESKTOP-7JPM78H" time="0.076">
  <properties/>
  <testcase name="findAllForNoMatchesShouldReturnEmptyList()" classname="com.geektrust.backend.repositories.MatchRepositoryTest" time="0.05"/>
  <testcase name="existsByIdForNonexistentMatchIdShouldReturnFalse()" classname="com.geektrust.backend.repositories.MatchRepositoryTest" time="0.004"/>
  <testcase name="findByIdForExistingMatchIdShouldReturnMatchOptional()" classname="com.geektrust.backend.repositories.MatchRepositoryTest" time="0.005"/>
  <testcase name="findByIdForNonexistentMatchIdShouldReturnEmptyOptional()" classname="com.geektrust.backend.repositories.MatchRepositoryTest" time="0.003"/>
  <testcase name="saveValidMatchShouldReturnSavedMatch()" classname="com.geektrust.backend.repositories.MatchRepositoryTest" time="0.006"/>
  <system-out><![CDATA[]]></system-out>
  <system-err><![CDATA[]]></system-err>
</testsuite>
