<?xml version="1.0" encoding="UTF-8"?>
<testsuite name="com.geektrust.backend.services.DriverServiceTest" tests="2" skipped="0" failures="0" errors="0" timestamp="2023-06-06T12:45:21" hostname="DESKTOP-7JPM78H" time="0.032">
  <properties/>
  <testcase name="addDriverWhenDriverAlreadyExistsShouldThrowDriverAlreadyPresentException()" classname="com.geektrust.backend.services.DriverServiceTest" time="0.028"/>
  <testcase name="addDriverShouldReturnSavedDriver()" classname="com.geektrust.backend.services.DriverServiceTest" time="0.003"/>
  <system-out><![CDATA[]]></system-out>
  <system-err><![CDATA[]]></system-err>
</testsuite>
