<?xml version="1.0" encoding="UTF-8"?>
<testsuite name="com.geektrust.backend.entities.DestinationTest" tests="6" skipped="0" failures="0" errors="0" timestamp="2023-06-06T12:45:20" hostname="DESKTOP-7JPM78H" time="0.077">
  <properties/>
  <testcase name="constructorWithCoordinatesAndTimeTakenSetsYCoordinateCorrectly()" classname="com.geektrust.backend.entities.DestinationTest" time="0.065"/>
  <testcase name="constructorWithCoordinatesAndTimeTakenSetsxCoordinateCorrectly()" classname="com.geektrust.backend.entities.DestinationTest" time="0.002"/>
  <testcase name="constructorWithCoordinatesAndTimeTakenSetstimeTakenCorrectly()" classname="com.geektrust.backend.entities.DestinationTest" time="0.002"/>
  <testcase name="setDestinationXCoordinateWithValidCoordinateSetsDestinationXCoordinate()" classname="com.geektrust.backend.entities.DestinationTest" time="0.001"/>
  <testcase name="setTimeTakenWithPositiveTimeDurationSetsTimeTaken()" classname="com.geektrust.backend.entities.DestinationTest" time="0.001"/>
  <testcase name="setDestinationYCoordinateWithValidCoordinateSetsDestinationYCoordinate()" classname="com.geektrust.backend.entities.DestinationTest" time="0.002"/>
  <system-out><![CDATA[]]></system-out>
  <system-err><![CDATA[]]></system-err>
</testsuite>
