<?xml version="1.0" encoding="UTF-8"?>
<testsuite name="com.geektrust.backend.services.MatchServiceTest" tests="2" skipped="0" failures="0" errors="0" timestamp="2023-06-06T12:45:21" hostname="DESKTOP-7JPM78H" time="0.035">
  <properties/>
  <testcase name="matchRiderWithDriversShouldReturnListOfDrivers()" classname="com.geektrust.backend.services.MatchServiceTest" time="0.029"/>
  <testcase name="matchRiderWithDriversForNoAvailableDriversShouldThrowsDriverNotFoundException()" classname="com.geektrust.backend.services.MatchServiceTest" time="0.006"/>
  <system-out><![CDATA[]]></system-out>
  <system-err><![CDATA[]]></system-err>
</testsuite>
