<?xml version="1.0" encoding="UTF-8"?>
<testsuite name="com.geektrust.backend.services.BillServiceTest" tests="3" skipped="0" failures="0" errors="0" timestamp="2023-06-06T12:45:21" hostname="DESKTOP-7JPM78H" time="0.088">
  <properties/>
  <testcase name="generateBillWithIncompleteRideShouldThrowRideNotCompletedException()" classname="com.geektrust.backend.services.BillServiceTest" time="0.046"/>
  <testcase name="generateBillShouldReturnValidBillGenerationDTO()" classname="com.geektrust.backend.services.BillServiceTest" time="0.036"/>
  <testcase name="generateBillWithInvalidRideIdShouldThrowRideNotFoundException()" classname="com.geektrust.backend.services.BillServiceTest" time="0.004"/>
  <system-out><![CDATA[]]></system-out>
  <system-err><![CDATA[]]></system-err>
</testsuite>
