<?xml version="1.0" encoding="UTF-8"?>
<testsuite name="com.geektrust.backend.commands.AddRiderCommandTest" tests="2" skipped="0" failures="0" errors="0" timestamp="2023-06-06T12:45:20" hostname="DESKTOP-7JPM78H" time="0.029">
  <properties/>
  <testcase name="testRiderAlreadyPresentExceptionIsThrown()" classname="com.geektrust.backend.commands.AddRiderCommandTest" time="0.025"/>
  <testcase name="addRiderExecutesSuccessfully()" classname="com.geektrust.backend.commands.AddRiderCommandTest" time="0.003"/>
  <system-out><![CDATA[Rider with this id is already present
]]></system-out>
  <system-err><![CDATA[]]></system-err>
</testsuite>
