<?xml version="1.0" encoding="UTF-8"?>
<testsuite name="com.geektrust.backend.entities.BillTest" tests="6" skipped="0" failures="0" errors="0" timestamp="2023-06-06T12:45:20" hostname="DESKTOP-7JPM78H" time="0.071">
  <properties/>
  <testcase name="testAmountMockito()" classname="com.geektrust.backend.entities.BillTest" time="0.05"/>
  <testcase name="testRideIdMockito()" classname="com.geektrust.backend.entities.BillTest" time="0.005"/>
  <testcase name="testDriverIdMockito()" classname="com.geektrust.backend.entities.BillTest" time="0.004"/>
  <testcase name="testDriverIdGetter()" classname="com.geektrust.backend.entities.BillTest" time="0.001"/>
  <testcase name="testAmountGetter()" classname="com.geektrust.backend.entities.BillTest" time="0.002"/>
  <testcase name="testRideIdGetter()" classname="com.geektrust.backend.entities.BillTest" time="0.004"/>
  <system-out><![CDATA[]]></system-out>
  <system-err><![CDATA[]]></system-err>
</testsuite>
