<?xml version="1.0" encoding="UTF-8"?>
<testsuite name="com.geektrust.backend.commands.StopRideCommandTest" tests="3" skipped="0" failures="0" errors="0" timestamp="2023-06-06T12:45:20" hostname="DESKTOP-7JPM78H" time="0.012">
  <properties/>
  <testcase name="stopRidePrintsInvalidRideMessageOrNot()" classname="com.geektrust.backend.commands.StopRideCommandTest" time="0.003"/>
  <testcase name="stopRideExecutesSuccessfullyOrNot()" classname="com.geektrust.backend.commands.StopRideCommandTest" time="0.004"/>
  <testcase name="stopRidePrintsRideStoppedMessageOrNot()" classname="com.geektrust.backend.commands.StopRideCommandTest" time="0.004"/>
  <system-out><![CDATA[]]></system-out>
  <system-err><![CDATA[]]></system-err>
</testsuite>
