<?xml version="1.0" encoding="UTF-8"?>
<testsuite name="com.geektrust.backend.entities.DriverTest" tests="9" skipped="0" failures="0" errors="0" timestamp="2023-06-06T12:45:20" hostname="DESKTOP-7JPM78H" time="0.063">
  <properties/>
  <testcase name="testSetDriverStatus()" classname="com.geektrust.backend.entities.DriverTest" time="0.041"/>
  <testcase name="testDriverStatusIsReturned()" classname="com.geektrust.backend.entities.DriverTest" time="0.003"/>
  <testcase name="testyCoordinateisReturned()" classname="com.geektrust.backend.entities.DriverTest" time="0.003"/>
  <testcase name="testIdGetter()" classname="com.geektrust.backend.entities.DriverTest" time="0.001"/>
  <testcase name="testDriverStatusGetter()" classname="com.geektrust.backend.entities.DriverTest" time="0.001"/>
  <testcase name="testxCoordinateGetter()" classname="com.geektrust.backend.entities.DriverTest" time="0.001"/>
  <testcase name="testdriverIdisReturned()" classname="com.geektrust.backend.entities.DriverTest" time="0.003"/>
  <testcase name="testxCoordinateIsReturned()" classname="com.geektrust.backend.entities.DriverTest" time="0.003"/>
  <testcase name="testYCoordinateGetter()" classname="com.geektrust.backend.entities.DriverTest" time="0.001"/>
  <system-out><![CDATA[]]></system-out>
  <system-err><![CDATA[]]></system-err>
</testsuite>
