<?xml version="1.0" encoding="UTF-8"?>
<testsuite name="com.geektrust.backend.commands.MatchCommandTest" tests="2" skipped="0" failures="0" errors="0" timestamp="2023-06-06T12:45:20" hostname="DESKTOP-7JPM78H" time="0.038">
  <properties/>
  <testcase name="testDriverNotFoundExceptionIsThrownOrNot()" classname="com.geektrust.backend.commands.MatchCommandTest" time="0.034"/>
  <testcase name="matchRiderWithDriversExecutedSuccessfully()" classname="com.geektrust.backend.commands.MatchCommandTest" time="0.003"/>
  <system-out><![CDATA[]]></system-out>
  <system-err><![CDATA[]]></system-err>
</testsuite>
