<?xml version="1.0" encoding="UTF-8"?>
<testsuite name="com.geektrust.backend.services.RideServiceTest" tests="6" skipped="0" failures="0" errors="0" timestamp="2023-06-06T12:45:21" hostname="DESKTOP-7JPM78H" time="0.037">
  <properties/>
  <testcase name="startRideForInvalidRideIdShouldThrowInvalidRideException()" classname="com.geektrust.backend.services.RideServiceTest" time="0.008"/>
  <testcase name="testStartRideExecutesSuccessfully()" classname="com.geektrust.backend.services.RideServiceTest" time="0.006"/>
  <testcase name="startRideForInvalidDriverNumberShouldThrowInvalidRideException()" classname="com.geektrust.backend.services.RideServiceTest" time="0.004"/>
  <testcase name="stopRideForInvalidRideIdShouldThrowRideNotFoundException()" classname="com.geektrust.backend.services.RideServiceTest" time="0.006"/>
  <testcase name="testStopRideExecutedSuccessFullyAndReturnsRideId()" classname="com.geektrust.backend.services.RideServiceTest" time="0.005"/>
  <testcase name="stopRideForInvalidRideStatusShouldThrowInvalidRideException()" classname="com.geektrust.backend.services.RideServiceTest" time="0.005"/>
  <system-out><![CDATA[]]></system-out>
  <system-err><![CDATA[]]></system-err>
</testsuite>
